<?xml version="1.0" encoding="utf-8"?><testsuites name="pytest tests"><testsuite name="pytest" errors="0" failures="0" skipped="0" tests="13" time="0.125" timestamp="2026-03-16T18:37:09.784140+00:00" hostname="agent-env-fec18a22-0e78-45c4-b17f-4fe12c576148"><testcase classname="backend.tests.test_didit_api.TestHealthCheck" name="test_health_returns_ok" time="0.003" /><testcase classname="backend.tests.test_didit_api.TestDIDITCreateSession" name="test_create_session_success" time="0.002" /><testcase classname="backend.tests.test_didit_api.TestDIDITCreateSession" name="test_create_session_missing_user_id" time="0.002" /><testcase classname="backend.tests.test_didit_api.TestDIDITCreateSession" name="test_create_session_missing_callback_url" time="0.002" /><testcase classname="backend.tests.test_didit_api.TestDIDITWebhook" name="test_webhook_approved_status" time="0.001" /><testcase classname="backend.tests.test_didit_api.TestDIDITWebhook" name="test_webhook_verified_status" time="0.001" /><testcase classname="backend.tests.test_didit_api.TestDIDITWebhook" name="test_webhook_completed_status" time="0.001" /><testcase classname="backend.tests.test_didit_api.TestDIDITWebhook" name="test_webhook_pending_status" time="0.001" /><testcase classname="backend.tests.test_didit_api.TestDIDITWebhook" name="test_webhook_rejected_status" time="0.001" /><testcase classname="backend.tests.test_didit_api.TestDIDITWebhook" name="test_webhook_missing_vendor_data" time="0.001" /><testcase classname="backend.tests.test_didit_api.TestDIDITManualVerify" name="test_manual_verify_success" time="0.001" /><testcase classname="backend.tests.test_didit_api.TestDIDITManualVerify" name="test_manual_verify_missing_user_id" time="0.001" /><testcase classname="backend.tests.test_didit_api.TestDIDITManualVerify" name="test_manual_verify_without_admin_id" time="0.001" /></testsuite></testsuites>